This is XeTeX, Version 3.141592653-2.6-0.999997 (TeX Live 2025) (preloaded format=xelatex 2025.4.13)  31 MAY 2026 15:13
entering extended mode
 restricted \write18 enabled.
 %&-line parsing enabled.
**main.tex
(./main.tex
LaTeX2e <2024-11-01> patch level 2
L3 programming layer <2025-03-26>
(./setup.tex (./vkr.cls
Document Class: vkr VKR class
(c:/texlive/2025/texmf-dist/tex/latex/fontspec/fontspec.sty
(c:/texlive/2025/texmf-dist/tex/latex/l3packages/xparse/xparse.sty
(c:/texlive/2025/texmf-dist/tex/latex/l3kernel/expl3.sty
Package: expl3 2025-03-26 L3 programming layer (loader) 

(c:/texlive/2025/texmf-dist/tex/latex/l3backend/l3backend-xetex.def
File: l3backend-xetex.def 2025-03-14 L3 backend support: XeTeX
\g__graphics_track_int=\count193
\g__pdfannot_backend_int=\count194
\g__pdfannot_backend_link_int=\count195
))
Package: xparse 2024-08-16 L3 Experimental document command parser
)
Package: fontspec 2024/05/11 v2.9e Font selection for XeLaTeX and LuaLaTeX

(c:/texlive/2025/texmf-dist/tex/latex/fontspec/fontspec-xetex.sty
Package: fontspec-xetex 2024/05/11 v2.9e Font selection for XeLaTeX and LuaLaTe
X
\l__fontspec_script_int=\count196
\l__fontspec_language_int=\count197
\l__fontspec_strnum_int=\count198
\l__fontspec_tmp_int=\count199
\l__fontspec_tmpa_int=\count266
\l__fontspec_tmpb_int=\count267
\l__fontspec_tmpc_int=\count268
\l__fontspec_em_int=\count269
\l__fontspec_emdef_int=\count270
\l__fontspec_strong_int=\count271
\l__fontspec_strongdef_int=\count272
\l__fontspec_tmpa_dim=\dimen146
\l__fontspec_tmpb_dim=\dimen147
\l__fontspec_tmpc_dim=\dimen148

(c:/texlive/2025/texmf-dist/tex/latex/base/fontenc.sty
Package: fontenc 2021/04/29 v2.0v Standard LaTeX package
)
(c:/texlive/2025/texmf-dist/tex/latex/fontspec/fontspec.cfg)))

Package fontspec Info: 
(fontspec)             Font family 'TimesNewRoman(0)' created for font 'Times
(fontspec)             New Roman' with options [Ligatures=TeX].
(fontspec)              
(fontspec)              This font family consists of the following NFSS
(fontspec)             series/shapes:
(fontspec)              
(fontspec)             - 'normal' (m/n) with NFSS spec.: <->"Times New
(fontspec)             Roman/OT:script=latn;language=dflt;mapping=tex-text;"
(fontspec)             - 'small caps'  (m/sc) with NFSS spec.: <->"Times New
(fontspec)             Roman/OT:script=latn;language=dflt;+smcp;mapping=tex-tex
t;"
(fontspec)             - 'bold' (b/n) with NFSS spec.: <->"Times New
(fontspec)             Roman/B/OT:script=latn;language=dflt;mapping=tex-text;"
(fontspec)             - 'bold small caps'  (b/sc) with NFSS spec.: <->"Times
(fontspec)             New
(fontspec)             Roman/B/OT:script=latn;language=dflt;+smcp;mapping=tex-t
ext;"
(fontspec)             - 'italic' (m/it) with NFSS spec.: <->"Times New
(fontspec)             Roman/I/OT:script=latn;language=dflt;mapping=tex-text;"
(fontspec)             - 'italic small caps'  (m/scit) with NFSS spec.:
(fontspec)             <->"Times New
(fontspec)             Roman/I/OT:script=latn;language=dflt;+smcp;mapping=tex-t
ext;"
(fontspec)             - 'bold italic' (b/it) with NFSS spec.: <->"Times New
(fontspec)             Roman/BI/OT:script=latn;language=dflt;mapping=tex-text;"

(fontspec)             - 'bold italic small caps'  (b/scit) with NFSS spec.:
(fontspec)             <->"Times New
(fontspec)             Roman/BI/OT:script=latn;language=dflt;+smcp;mapping=tex-
text;"

\pagetop=\skip49
\pagebottom=\skip50
\pageleft=\skip51
\pageright=\skip52
\pwidth=\skip53
\pheight=\skip54
\saved@arstrutbox=\box53
\c@section=\count273
\c@subsection=\count274
\c@subsubsection=\count275
\c@paragraph=\count276
\c@figure=\count277
\c@figurecnt=\count278
\abovecaptionskip=\skip55
\belowcaptionskip=\skip56
\c@table=\count279
\c@tablecnt=\count280
\c@lastpage=\count281
\c@числоПлакатов=\count282
\c@bibcount=\count283
)
(c:/texlive/2025/texmf-dist/tex/generic/babel/babel.sty
Package: babel 2025/03/27 v25.6 The multilingual framework for pdfLaTeX, LuaLaT
eX and XeLaTeX
\babel@savecnt=\count284
\U@D=\dimen149
\l@unhyphenated=\language90

(c:/texlive/2025/texmf-dist/tex/generic/babel/xebabel.def)
\bbl@readstream=\read2
\bbl@dirlevel=\count285

(c:/texlive/2025/texmf-dist/tex/generic/babel-english/english.ldf
Language: english 2017/06/06 v3.3r English support from the babel system
Package babel Info: Hyphen rules for 'canadian' set to \l@english
(babel)             (\language0). Reported on input line 102.
Package babel Info: Hyphen rules for 'australian' set to \l@ukenglish
(babel)             (\language22). Reported on input line 105.
Package babel Info: Hyphen rules for 'newzealand' set to \l@ukenglish
(babel)             (\language22). Reported on input line 108.
)
(c:/texlive/2025/texmf-dist/tex/generic/babel-russian/russianb.ldf
File: russianb.ldf 2021/01/10 1.3m Russian support for the Babel system
Language: russian 2020/09/09 1.3k Russian support for the Babel system
Package babel Info: Making " an active character on input line 124.
Package babel Info: Default for \cyrdash is provided on input line 163.
))
(c:/texlive/2025/texmf-dist/tex/generic/babel/locale/ru/babel-russian.tex
Package babel Info: Importing font and identification data for russian
(babel)             from babel-ru.ini. Reported on input line 11.
)
(c:/texlive/2025/texmf-dist/tex/generic/babel/locale/en/babel-english.tex
Package babel Info: Importing font and identification data for english
(babel)             from babel-en.ini. Reported on input line 11.
)
(c:/texlive/2025/texmf-dist/tex/latex/graphics/graphicx.sty
Package: graphicx 2021/09/16 v1.2d Enhanced LaTeX Graphics (DPC,SPQR)

(c:/texlive/2025/texmf-dist/tex/latex/graphics/keyval.sty
Package: keyval 2022/05/29 v1.15 key=value parser (DPC)
\KV@toks@=\toks17
)
(c:/texlive/2025/texmf-dist/tex/latex/graphics/graphics.sty
Package: graphics 2024/08/06 v1.4g Standard LaTeX Graphics (DPC,SPQR)

(c:/texlive/2025/texmf-dist/tex/latex/graphics/trig.sty
Package: trig 2023/12/02 v1.11 sin cos tan (DPC)
)
(c:/texlive/2025/texmf-dist/tex/latex/graphics-cfg/graphics.cfg
File: graphics.cfg 2016/06/04 v1.11 sample graphics configuration
)
Package graphics Info: Driver file: xetex.def on input line 106.

(c:/texlive/2025/texmf-dist/tex/latex/graphics-def/xetex.def
File: xetex.def 2022/09/22 v5.0n Graphics/color driver for xetex
))
\Gin@req@height=\dimen150
\Gin@req@width=\dimen151
)
(c:/texlive/2025/texmf-dist/tex/latex/hyperref/hyperref.sty
Package: hyperref 2024-11-05 v7.01l Hypertext links for LaTeX

(c:/texlive/2025/texmf-dist/tex/generic/iftex/iftex.sty
Package: iftex 2024/12/12 v1.0g TeX engine tests
)
(c:/texlive/2025/texmf-dist/tex/latex/kvsetkeys/kvsetkeys.sty
Package: kvsetkeys 2022-10-05 v1.19 Key value parser (HO)
)
(c:/texlive/2025/texmf-dist/tex/generic/kvdefinekeys/kvdefinekeys.sty
Package: kvdefinekeys 2019-12-19 v1.6 Define keys (HO)
)
(c:/texlive/2025/texmf-dist/tex/generic/pdfescape/pdfescape.sty
Package: pdfescape 2019/12/09 v1.15 Implements pdfTeX's escape features (HO)

(c:/texlive/2025/texmf-dist/tex/generic/ltxcmds/ltxcmds.sty
Package: ltxcmds 2023-12-04 v1.26 LaTeX kernel commands for general use (HO)
)
(c:/texlive/2025/texmf-dist/tex/generic/pdftexcmds/pdftexcmds.sty
Package: pdftexcmds 2020-06-27 v0.33 Utility functions of pdfTeX for LuaTeX (HO
)

(c:/texlive/2025/texmf-dist/tex/generic/infwarerr/infwarerr.sty
Package: infwarerr 2019/12/03 v1.5 Providing info/warning/error messages (HO)
)
Package pdftexcmds Info: \pdf@primitive is available.
Package pdftexcmds Info: \pdf@ifprimitive is available.
Package pdftexcmds Info: \pdfdraftmode not found.
))
(c:/texlive/2025/texmf-dist/tex/latex/hycolor/hycolor.sty
Package: hycolor 2020-01-27 v1.10 Color options for hyperref/bookmark (HO)
)
(c:/texlive/2025/texmf-dist/tex/latex/hyperref/nameref.sty
Package: nameref 2023-11-26 v2.56 Cross-referencing by name of section

(c:/texlive/2025/texmf-dist/tex/latex/refcount/refcount.sty
Package: refcount 2019/12/15 v3.6 Data extraction from label references (HO)
)
(c:/texlive/2025/texmf-dist/tex/generic/gettitlestring/gettitlestring.sty
Package: gettitlestring 2019/12/15 v1.6 Cleanup title references (HO)

(c:/texlive/2025/texmf-dist/tex/latex/kvoptions/kvoptions.sty
Package: kvoptions 2022-06-15 v3.15 Key value format for package options (HO)
))
\c@section@level=\count286
)
(c:/texlive/2025/texmf-dist/tex/latex/etoolbox/etoolbox.sty
Package: etoolbox 2025/02/11 v2.5l e-TeX tools for LaTeX (JAW)
\etb@tempcnta=\count287
)
(c:/texlive/2025/texmf-dist/tex/generic/stringenc/stringenc.sty
Package: stringenc 2019/11/29 v1.12 Convert strings between diff. encodings (HO
)
)
\@linkdim=\dimen152
\Hy@linkcounter=\count288
\Hy@pagecounter=\count289

(c:/texlive/2025/texmf-dist/tex/latex/hyperref/pd1enc.def
File: pd1enc.def 2024-11-05 v7.01l Hyperref: PDFDocEncoding definition (HO)
)
(c:/texlive/2025/texmf-dist/tex/generic/intcalc/intcalc.sty
Package: intcalc 2019/12/15 v1.3 Expandable calculations with integers (HO)
)
\Hy@SavedSpaceFactor=\count290

(c:/texlive/2025/texmf-dist/tex/latex/hyperref/puenc.def
File: puenc.def 2024-11-05 v7.01l Hyperref: PDF Unicode definition (HO)
)
Package hyperref Info: Option `unicode' set `true' on input line 3143.
Package hyperref Info: Hyper figures OFF on input line 4157.
Package hyperref Info: Link nesting OFF on input line 4162.
Package hyperref Info: Hyper index ON on input line 4165.
Package hyperref Info: Plain pages OFF on input line 4172.
Package hyperref Info: Backreferencing OFF on input line 4177.
Package hyperref Info: Implicit mode ON; LaTeX internals redefined.
Package hyperref Info: Bookmarks ON on input line 4424.
\c@Hy@tempcnt=\count291

(c:/texlive/2025/texmf-dist/tex/latex/url/url.sty
\Urlmuskip=\muskip17
Package: url 2013/09/16  ver 3.4  Verb mode for urls, etc.
)
LaTeX Info: Redefining \url on input line 4763.
\XeTeXLinkMargin=\dimen153

(c:/texlive/2025/texmf-dist/tex/generic/bitset/bitset.sty
Package: bitset 2019/12/09 v1.3 Handle bit-vector datatype (HO)

(c:/texlive/2025/texmf-dist/tex/generic/bigintcalc/bigintcalc.sty
Package: bigintcalc 2019/12/15 v1.5 Expandable calculations on big integers (HO
)
))
\Fld@menulength=\count292
\Field@Width=\dimen154
\Fld@charsize=\dimen155
Package hyperref Info: Hyper figures OFF on input line 6042.
Package hyperref Info: Link nesting OFF on input line 6047.
Package hyperref Info: Hyper index ON on input line 6050.
Package hyperref Info: backreferencing OFF on input line 6057.
Package hyperref Info: Link coloring OFF on input line 6062.
Package hyperref Info: Link coloring with OCG OFF on input line 6067.
Package hyperref Info: PDF/A mode OFF on input line 6072.

(c:/texlive/2025/texmf-dist/tex/latex/base/atbegshi-ltx.sty
Package: atbegshi-ltx 2021/01/10 v1.0c Emulation of the original atbegshi
package with kernel methods
)
\Hy@abspage=\count293
\c@Item=\count294
\c@Hfootnote=\count295
)
Package hyperref Info: Driver (autodetected): hxetex.

(c:/texlive/2025/texmf-dist/tex/latex/hyperref/hxetex.def
File: hxetex.def 2024-11-05 v7.01l Hyperref driver for XeTeX
\pdfm@box=\box54
\c@Hy@AnnotLevel=\count296
\HyField@AnnotCount=\count297
\Fld@listcount=\count298
\c@bookmark@seq@number=\count299

(c:/texlive/2025/texmf-dist/tex/latex/rerunfilecheck/rerunfilecheck.sty
Package: rerunfilecheck 2022-07-10 v1.10 Rerun checks for auxiliary files (HO)

(c:/texlive/2025/texmf-dist/tex/latex/base/atveryend-ltx.sty
Package: atveryend-ltx 2020/08/19 v1.0a Emulation of the original atveryend pac
kage
with kernel methods
)
(c:/texlive/2025/texmf-dist/tex/generic/uniquecounter/uniquecounter.sty
Package: uniquecounter 2019/12/15 v1.4 Provide unlimited unique counter (HO)
)
Package uniquecounter Info: New unique counter `rerunfilecheck' on input line 2
85.
)
\Hy@SectionHShift=\skip57
)
(c:/texlive/2025/texmf-dist/tex/latex/float/float.sty
Package: float 2001/11/08 v1.3d Float enhancements (AL)
\c@float@type=\count300
\float@exts=\toks18
\float@box=\box55
\@float@everytoks=\toks19
\@floatcapt=\box56
)
(c:/texlive/2025/texmf-dist/tex/latex/pdflscape/pdflscape.sty
Package: pdflscape 2022-10-27 v0.13 Display of landscape pages in PDF

(c:/texlive/2025/texmf-dist/tex/latex/pdflscape/pdflscape-nometadata.sty
Package: pdflscape-nometadata 2022-10-28 v0.13 Display of landscape pages in PD
F (HO)

(c:/texlive/2025/texmf-dist/tex/latex/graphics/lscape.sty
Package: lscape 2020/05/28 v3.02 Landscape Pages (DPC)
)
Package pdflscape Info: Auto-detected driver: dvipdfm (xetex) on input line 98.

))
(c:/texlive/2025/texmf-dist/tex/latex/xltabular/xltabular.sty
Package: xltabular 2025/02/28 v0.2i `xltabular' package (hv,RN)

(c:/texlive/2025/texmf-dist/tex/latex/tools/tabularx.sty
Package: tabularx 2023/12/11 v2.12a `tabularx' package (DPC)

(c:/texlive/2025/texmf-dist/tex/latex/tools/array.sty
Package: array 2024/10/17 v2.6g Tabular extension package (FMi)
\col@sep=\dimen156
\ar@mcellbox=\box57
\extrarowheight=\dimen157
\NC@list=\toks20
\extratabsurround=\skip58
\backup@length=\skip59
\ar@cellbox=\box58
)
\TX@col@width=\dimen158
\TX@old@table=\dimen159
\TX@old@col=\dimen160
\TX@target=\dimen161
\TX@delta=\dimen162
\TX@cols=\count301
\TX@ftn=\toks21
)
(c:/texlive/2025/texmf-dist/tex/latex/ltablex/ltablex.sty
Package: ltablex 2014/08/13 v1.1 Modified tabularx

(c:/texlive/2025/texmf-dist/tex/latex/tools/longtable.sty
Package: longtable 2024-10-27 v4.22 Multi-page Table package (DPC)
\LTleft=\skip60
\LTright=\skip61
\LTpre=\skip62
\LTpost=\skip63
\LTchunksize=\count302
\LTcapwidth=\dimen163
\LT@head=\box59
\LT@firsthead=\box60
\LT@foot=\box61
\LT@lastfoot=\box62
\LT@gbox=\box63
\LT@cols=\count303
\LT@rows=\count304
\c@LT@tables=\count305
\c@LT@chunks=\count306
\LT@p@ftn=\toks22
)))
(c:/texlive/2025/texmf-dist/tex/latex/makecell/makecell.sty
Package: makecell 2009/08/03 V0.1e Managing of Tab Column Heads and Cells
\rotheadsize=\dimen164
\c@nlinenum=\count307
\TeXr@lab=\toks23
)

Package array Warning: Redefining primitive column r on input line 16.

(c:/texlive/2025/texmf-dist/tex/latex/caption/caption.sty
Package: caption 2023/08/05 v3.6o Customizing captions (AR)

(c:/texlive/2025/texmf-dist/tex/latex/caption/caption3.sty
Package: caption3 2023/07/31 v2.4d caption3 kernel (AR)
\caption@tempdima=\dimen165
\captionmargin=\dimen166
\caption@leftmargin=\dimen167
\caption@rightmargin=\dimen168
\caption@width=\dimen169
\caption@indent=\dimen170
\caption@parindent=\dimen171
\caption@hangindent=\dimen172
Package caption Info: Unknown document class (or package),
(caption)             standard defaults will be used.
Package caption Info: \@makecaption = \long macro:#1#2->\vskip \abovecaptionski
p \sbox \@tempboxa {#1 -- #2}\ifdim \wd \@tempboxa >\hsize #1 -- #2\par \else \
global \@minipagefalse \if \instring {Таб}{#1} \hb@xt@ \hsize {\box \@tempboxa 
\hfil }\else \hb@xt@ \hsize {\hfil \box \@tempboxa \hfil }\fi \fi \vskip \below
captionskip  on input line 1175.
)

Package caption Warning: Unknown document class (or package),
(caption)                standard defaults will be used.
See the caption package documentation for explanation.

\c@caption@flags=\count308
\c@continuedfloat=\count309
Package caption Info: float package is loaded.
Package caption Info: hyperref package is loaded.
Package caption Info: longtable package is loaded.
(c:/texlive/2025/texmf-dist/tex/latex/caption/ltcaption.sty
Package: ltcaption 2021/01/08 v1.4c longtable captions (AR)
))
(c:/texlive/2025/texmf-dist/tex/latex/enumitem/enumitem.sty
Package: enumitem 2025/02/06 v3.11 Customized lists
\labelindent=\skip64
\enit@outerparindent=\dimen173
\enit@toks=\toks24
\enit@inbox=\box64
\enit@count@id=\count310
\enitdp@description=\count311
)
(c:/texlive/2025/texmf-dist/tex/latex/graphics/color.sty
Package: color 2024/06/23 v1.3e Standard LaTeX Color (DPC)

(c:/texlive/2025/texmf-dist/tex/latex/graphics-cfg/color.cfg
File: color.cfg 2016/01/02 v1.6 sample color configuration
)
Package color Info: Driver file: xetex.def on input line 149.

(c:/texlive/2025/texmf-dist/tex/latex/graphics/mathcolor.ltx))
(c:/texlive/2025/texmf-dist/tex/latex/listings/listings.sty
\lst@mode=\count312
\lst@gtempboxa=\box65
\lst@token=\toks25
\lst@length=\count313
\lst@currlwidth=\dimen174
\lst@column=\count314
\lst@pos=\count315
\lst@lostspace=\dimen175
\lst@width=\dimen176
\lst@newlines=\count316
\lst@lineno=\count317
\lst@maxwidth=\dimen177

(c:/texlive/2025/texmf-dist/tex/latex/listings/lstpatch.sty
File: lstpatch.sty 2024/09/23 1.10c (Carsten Heinz)
)
(c:/texlive/2025/texmf-dist/tex/latex/listings/lstmisc.sty
File: lstmisc.sty 2024/09/23 1.10c (Carsten Heinz)
\c@lstnumber=\count318
\lst@skipnumbers=\count319
\lst@framebox=\box66
)
(c:/texlive/2025/texmf-dist/tex/latex/listings/listings.cfg
File: listings.cfg 2024/09/23 1.10c listings configuration
))
Package: listings 2024/09/23 1.10c (Carsten Heinz)

Package fontspec Info: 
(fontspec)             Verdana scale = 0.7.


Package fontspec Info: 
(fontspec)             Verdana scale = 0.7.


Package fontspec Info: 
(fontspec)             Verdana scale = 0.7.


Package fontspec Info: 
(fontspec)             Verdana/B scale = 0.7.


Package fontspec Info: 
(fontspec)             Verdana/B scale = 0.7.


Package fontspec Info: 
(fontspec)             Verdana/I scale = 0.7.


Package fontspec Info: 
(fontspec)             Verdana/I scale = 0.7.


Package fontspec Info: 
(fontspec)             Verdana/BI scale = 0.7.


Package fontspec Info: 
(fontspec)             Verdana/BI scale = 0.7.


Package fontspec Info: 
(fontspec)             Font family 'Verdana(0)' created for font 'Verdana'
(fontspec)             with options
(fontspec)             [WordSpace={1,0,0},HyphenChar=None,PunctuationSpace=Word
Space,Scale=0.7].
(fontspec)              
(fontspec)              This font family consists of the following NFSS
(fontspec)             series/shapes:
(fontspec)              
(fontspec)             - 'normal' (m/n) with NFSS spec.:
(fontspec)             <->s*[0.7]"Verdana/OT:script=latn;language=dflt;"
(fontspec)             - 'small caps'  (m/sc) with NFSS spec.:
(fontspec)             <->s*[0.7]"Verdana/OT:script=latn;language=dflt;+smcp;"
(fontspec)             and font adjustment code:
(fontspec)             \fontdimen 2\font =1\fontdimen 2\font \fontdimen 3\font
(fontspec)             =0\fontdimen 3\font \fontdimen 4\font =0\fontdimen
(fontspec)             4\font \fontdimen 7\font =0\fontdimen 2\font
(fontspec)             \tex_hyphenchar:D \font =-1\scan_stop: 
(fontspec)             - 'bold' (b/n) with NFSS spec.:
(fontspec)             <->s*[0.7]"Verdana/B/OT:script=latn;language=dflt;"
(fontspec)             - 'bold small caps'  (b/sc) with NFSS spec.:
(fontspec)             <->s*[0.7]"Verdana/B/OT:script=latn;language=dflt;+smcp;
"
(fontspec)             and font adjustment code:
(fontspec)             \fontdimen 2\font =1\fontdimen 2\font \fontdimen 3\font
(fontspec)             =0\fontdimen 3\font \fontdimen 4\font =0\fontdimen
(fontspec)             4\font \fontdimen 7\font =0\fontdimen 2\font
(fontspec)             \tex_hyphenchar:D \font =-1\scan_stop: 
(fontspec)             - 'italic' (m/it) with NFSS spec.:
(fontspec)             <->s*[0.7]"Verdana/I/OT:script=latn;language=dflt;"
(fontspec)             - 'italic small caps'  (m/scit) with NFSS spec.:
(fontspec)             <->s*[0.7]"Verdana/I/OT:script=latn;language=dflt;+smcp;
"
(fontspec)             and font adjustment code:
(fontspec)             \fontdimen 2\font =1\fontdimen 2\font \fontdimen 3\font
(fontspec)             =0\fontdimen 3\font \fontdimen 4\font =0\fontdimen
(fontspec)             4\font \fontdimen 7\font =0\fontdimen 2\font
(fontspec)             \tex_hyphenchar:D \font =-1\scan_stop: 
(fontspec)             - 'bold italic' (b/it) with NFSS spec.:
(fontspec)             <->s*[0.7]"Verdana/BI/OT:script=latn;language=dflt;"
(fontspec)             - 'bold italic small caps'  (b/scit) with NFSS spec.:
(fontspec)             <->s*[0.7]"Verdana/BI/OT:script=latn;language=dflt;+smcp
;"
(fontspec)             and font adjustment code:
(fontspec)             \fontdimen 2\font =1\fontdimen 2\font \fontdimen 3\font
(fontspec)             =0\fontdimen 3\font \fontdimen 4\font =0\fontdimen
(fontspec)             4\font \fontdimen 7\font =0\fontdimen 2\font
(fontspec)             \tex_hyphenchar:D \font =-1\scan_stop: 


(c:/texlive/2025/texmf-dist/tex/latex/listings/lstlang1.sty
File: lstlang1.sty 2024/09/23 1.10c listings language file
)
(c:/texlive/2025/texmf-dist/tex/latex/listings/lstmisc.sty
File: lstmisc.sty 2024/09/23 1.10c (Carsten Heinz)
)) (./main.aux
Package babel Info: 'russian' activates 'russian' shorthands.
(babel)             Reported  on input line 8.
)
\openout1 = `main.aux'.

LaTeX Font Info:    Checking defaults for OML/cmm/m/it on input line 31.
LaTeX Font Info:    ... okay on input line 31.
LaTeX Font Info:    Checking defaults for OMS/cmsy/m/n on input line 31.
LaTeX Font Info:    ... okay on input line 31.
LaTeX Font Info:    Checking defaults for OT1/cmr/m/n on input line 31.
LaTeX Font Info:    ... okay on input line 31.
LaTeX Font Info:    Checking defaults for T1/cmr/m/n on input line 31.
LaTeX Font Info:    ... okay on input line 31.
LaTeX Font Info:    Checking defaults for TS1/cmr/m/n on input line 31.
LaTeX Font Info:    ... okay on input line 31.
LaTeX Font Info:    Checking defaults for TU/lmr/m/n on input line 31.
LaTeX Font Info:    ... okay on input line 31.
LaTeX Font Info:    Checking defaults for OMX/cmex/m/n on input line 31.
LaTeX Font Info:    ... okay on input line 31.
LaTeX Font Info:    Checking defaults for U/cmr/m/n on input line 31.
LaTeX Font Info:    ... okay on input line 31.
LaTeX Font Info:    Checking defaults for PD1/pdf/m/n on input line 31.
LaTeX Font Info:    ... okay on input line 31.
LaTeX Font Info:    Checking defaults for PU/pdf/m/n on input line 31.
LaTeX Font Info:    ... okay on input line 31.

Package fontspec Info: 
(fontspec)             Adjusting the maths setup (use [no-math] to avoid
(fontspec)             this).

\symlegacymaths=\mathgroup4
LaTeX Font Info:    Overwriting symbol font `legacymaths' in version `bold'
(Font)                  OT1/cmr/m/n --> OT1/cmr/bx/n on input line 31.
LaTeX Font Info:    Redeclaring math accent \acute on input line 31.
LaTeX Font Info:    Redeclaring math accent \grave on input line 31.
LaTeX Font Info:    Redeclaring math accent \ddot on input line 31.
LaTeX Font Info:    Redeclaring math accent \tilde on input line 31.
LaTeX Font Info:    Redeclaring math accent \bar on input line 31.
LaTeX Font Info:    Redeclaring math accent \breve on input line 31.
LaTeX Font Info:    Redeclaring math accent \check on input line 31.
LaTeX Font Info:    Redeclaring math accent \hat on input line 31.
LaTeX Font Info:    Redeclaring math accent \dot on input line 31.
LaTeX Font Info:    Redeclaring math accent \mathring on input line 31.
LaTeX Font Info:    Redeclaring math symbol \colon on input line 31.
LaTeX Font Info:    Redeclaring math symbol \Gamma on input line 31.
LaTeX Font Info:    Redeclaring math symbol \Delta on input line 31.
LaTeX Font Info:    Redeclaring math symbol \Theta on input line 31.
LaTeX Font Info:    Redeclaring math symbol \Lambda on input line 31.
LaTeX Font Info:    Redeclaring math symbol \Xi on input line 31.
LaTeX Font Info:    Redeclaring math symbol \Pi on input line 31.
LaTeX Font Info:    Redeclaring math symbol \Sigma on input line 31.
LaTeX Font Info:    Redeclaring math symbol \Upsilon on input line 31.
LaTeX Font Info:    Redeclaring math symbol \Phi on input line 31.
LaTeX Font Info:    Redeclaring math symbol \Psi on input line 31.
LaTeX Font Info:    Redeclaring math symbol \Omega on input line 31.
LaTeX Font Info:    Redeclaring math symbol \mathdollar on input line 31.
LaTeX Font Info:    Redeclaring symbol font `operators' on input line 31.
LaTeX Font Info:    Encoding `OT1' has changed to `TU' for symbol font
(Font)              `operators' in the math version `normal' on input line 31.
LaTeX Font Info:    Overwriting symbol font `operators' in version `normal'
(Font)                  OT1/cmr/m/n --> TU/TimesNewRoman(0)/m/n on input line 3
1.
LaTeX Font Info:    Encoding `OT1' has changed to `TU' for symbol font
(Font)              `operators' in the math version `bold' on input line 31.
LaTeX Font Info:    Overwriting symbol font `operators' in version `bold'
(Font)                  OT1/cmr/bx/n --> TU/TimesNewRoman(0)/m/n on input line 
31.
LaTeX Font Info:    Overwriting symbol font `operators' in version `normal'
(Font)                  TU/TimesNewRoman(0)/m/n --> TU/TimesNewRoman(0)/m/n on 
input line 31.
LaTeX Font Info:    Overwriting math alphabet `\mathit' in version `normal'
(Font)                  OT1/cmr/m/it --> TU/TimesNewRoman(0)/m/it on input line
 31.
LaTeX Font Info:    Overwriting math alphabet `\mathbf' in version `normal'
(Font)                  OT1/cmr/bx/n --> TU/TimesNewRoman(0)/b/n on input line 
31.
LaTeX Font Info:    Overwriting math alphabet `\mathsf' in version `normal'
(Font)                  OT1/cmss/m/n --> TU/lmss/m/n on input line 31.
LaTeX Font Info:    Overwriting math alphabet `\mathtt' in version `normal'
(Font)                  OT1/cmtt/m/n --> TU/Verdana(0)/m/n on input line 31.
LaTeX Font Info:    Overwriting symbol font `operators' in version `bold'
(Font)                  TU/TimesNewRoman(0)/m/n --> TU/TimesNewRoman(0)/b/n on 
input line 31.
LaTeX Font Info:    Overwriting math alphabet `\mathit' in version `bold'
(Font)                  OT1/cmr/bx/it --> TU/TimesNewRoman(0)/b/it on input lin
e 31.
LaTeX Font Info:    Overwriting math alphabet `\mathsf' in version `bold'
(Font)                  OT1/cmss/bx/n --> TU/lmss/b/n on input line 31.
LaTeX Font Info:    Overwriting math alphabet `\mathtt' in version `bold'
(Font)                  OT1/cmtt/m/n --> TU/Verdana(0)/b/n on input line 31.
LaTeX Info: Redefining \th on input line 31.
Package hyperref Info: Link coloring OFF on input line 31.

(./main.out) (./main.out)
\@outlinefile=\write3
\openout3 = `main.out'.

Package caption Info: Begin \AtBeginDocument code.
Package caption Info: listings package is loaded.
Package caption Info: End \AtBeginDocument code.
\c@lstlisting=\count320
LaTeX Font Info:    External font `cmex10' loaded for size
(Font)              <14.4> on input line 33.
LaTeX Font Info:    External font `cmex10' loaded for size
(Font)              <7> on input line 33.

Overfull \hbox (4.70218pt too wide) in paragraph at lines 33--33
[] 
 []


Overfull \hbox (4.70218pt too wide) in paragraph at lines 33--33
[]
 []


Underfull \hbox (badness 10000) in paragraph at lines 33--33

 []



[1] (./ЛистЗадания.tex

[2] (./main.lop

[3])
\tf@lop=\write4
\openout4 = `main.lop'.


Overfull \hbox (4.70218pt too wide) in paragraph at lines 95--106
[][]
 []


Underfull \hbox (badness 10000) in paragraph at lines 95--106

 []

) (./Реферат.tex

[4]
\c=\count321
\last=\count322
\pnul=\count323
\c=\count324
\last=\count325
\pnul=\count326
\c=\count327
\last=\count328
\pnul=\count329

Underfull \hbox (badness 2189) in paragraph at lines 15--16
\TU/TimesNewRoman(0)/m/n/14.4 взаимодействие с базой данных. Клиентская часть п
редоставляет web-
 []


Underfull \hbox (badness 6141) in paragraph at lines 17--18
[]\TU/TimesNewRoman(0)/m/n/14.4 В системе реализован модуль автоматической пров
ерки DOCX-
 []



[5]
\c=\count330
\last=\count331
\pnul=\count332
\c=\count333
\last=\count334
\pnul=\count335
\c=\count336
\last=\count337
\pnul=\count338
)

[6] (./main.toc

[7]

[8])
\tf@toc=\write5
\openout5 = `main.toc'.

 (./main.lpc

[9])
\tf@lpc=\write6
\openout6 = `main.lpc'.

 (./Обозначения.tex
Underfull \hbox (badness 3168) in paragraph at lines 1--1
\TU/TimesNewRoman(0)/m/n/14.4 Диаграмма прецедентов. Часть 1 (Графический матер
иал / Диаграмма
 []


Underfull \hbox (badness 3168) in paragraph at lines 1--1
\TU/TimesNewRoman(0)/m/n/14.4 Диаграмма прецедентов. Часть 2 (Графический матер
иал / Диаграмма
 []


Underfull \hbox (badness 3168) in paragraph at lines 1--1
\TU/TimesNewRoman(0)/m/n/14.4 Диаграмма прецедентов. Часть 3 (Графический матер
иал / Диаграмма
 []


Underfull \hbox (badness 10000) in paragraph at lines 1--1

 []



[10]) (./Резюме.tex

[11]
Underfull \hbox (badness 4505) in paragraph at lines 6--7
[]\TU/TimesNewRoman(0)/m/n/14.4 Название: «Информационно-аналитическая система 
автоматизации
 []


Underfull \hbox (badness 1701) in paragraph at lines 6--7
\TU/TimesNewRoman(0)/m/n/14.4 проверки и оформления учебно-методических материа
лов редакционно-
 []


Underfull \hbox (badness 7203) in paragraph at lines 6--7
\TU/TimesNewRoman(0)/m/n/14.4 ления и обработки учебно-методических документов 
в редакционно-
 []


Underfull \hbox (badness 1953) in paragraph at lines 25--26
\TU/TimesNewRoman(0)/m/n/14.4 верки учебно-методических материалов, уменьшить к
оличество ошибок
 []


Underfull \hbox (badness 1199) in paragraph at lines 27--28
[]\TU/TimesNewRoman(0)/m/n/14.4 Актуальность проекта обусловлена необходимостью
 автоматизации
 []



[12]
Underfull \hbox (badness 2221) in paragraph at lines 44--45
[]\TU/TimesNewRoman(0)/m/n/14.4 Комплексная автоматизация процессов проверки и 
оформления
 []


Underfull \hbox (badness 2229) in paragraph at lines 50--51
[]\TU/TimesNewRoman(0)/m/n/14.4 Использование клиент-серверной архитектуры, обе
спечивающей
 []



[13]
Underfull \hbox (badness 10000) in paragraph at lines 67--68
[]\TU/TimesNewRoman(0)/m/n/14.4 Повышение эффективности взаимодействия сотрудни
ков
 []

) (./Введение.tex

[14]
Underfull \hbox (badness 2073) in paragraph at lines 6--7
\TU/TimesNewRoman(0)/m/n/14.4 системы предоставляют возможность автоматизирован
ной проверки до-
 []


Underfull \hbox (badness 2073) in paragraph at lines 6--7
\TU/TimesNewRoman(0)/m/n/14.4 кументов, генерации отчётов, формирования титульн
ых листов и орга-
 []


Underfull \hbox (badness 1275) in paragraph at lines 6--7
\TU/TimesNewRoman(0)/m/n/14.4 низации взаимодействия между авторами и сотрудник
ами редакционно-
 []


Underfull \hbox (badness 3590) in paragraph at lines 10--11
\TU/TimesNewRoman(0)/m/n/14.4 системы для автоматизации процессов проверки и об
работки учебно-
 []



[15]
Underfull \hbox (badness 10000) in paragraph at lines 14--15
[]\TU/TimesNewRoman(0)/m/n/14.4 Изучить особенности организации работы редакцио
нно-
 []


Underfull \hbox (badness 1648) in paragraph at lines 15--16
[]\TU/TimesNewRoman(0)/m/n/14.4 Проанализировать существующие средства автомати
зации доку-
 []

\c=\count339
\last=\count340
\pnul=\count341


[16]) (./Анализ.tex

[17]
Underfull \hbox (badness 10000) in paragraph at lines 3--3
[]\TU/TimesNewRoman(0)/b/n/14.4 1.1 Характеристика деятельности редакционно-изд
ательского
 []



[18]

[19]
Underfull \hbox (badness 10000) in paragraph at lines 52--52
[]\TU/TimesNewRoman(0)/b/n/14.4 1.4 Анализ существующих систем автоматизации
 []



[20]
Underfull \hbox (badness 10000) in paragraph at lines 80--81
[]\TU/TimesNewRoman(0)/m/n/14.4 Несмотря на удобство совместного редактирования
, сервис не
 []



[21]
Underfull \hbox (badness 1231) in paragraph at lines 99--100
\TU/TimesNewRoman(0)/m/n/14.4 ренных решений не сочетает в себе функции автомат
ической проверки
 []



[22]) (./ТехЗадание.tex

[23]
Underfull \hbox (badness 10000) in paragraph at lines 9--10
[]\TU/TimesNewRoman(0)/m/n/14.4 Основной целью работы является разработка и вне
дрение
 []


Underfull \hbox (badness 10000) in paragraph at lines 9--10
\TU/TimesNewRoman(0)/m/n/14.4 информационно-аналитической системы для автоматиз
ации процессов
 []


Underfull \hbox (badness 3088) in paragraph at lines 9--10
\TU/TimesNewRoman(0)/m/n/14.4 проверки, хранения и сопровождения учебно-методич
еских и научных
 []



[24]
Underfull \hbox (badness 10000) in paragraph at lines 41--42
[]\TU/TimesNewRoman(0)/m/n/14.4 Интерфейс информационной системы представляет с
обой веб-
 []


Underfull \hbox (badness 1270) in paragraph at lines 41--42
\TU/TimesNewRoman(0)/m/n/14.4 должен быть адаптирован для работы в распространё
нных браузерах и
 []



[25]
File: images/authorization.png Graphic file (type bmp)
<images/authorization.png>
File: images/profile.png Graphic file (type bmp)
<images/profile.png>


[26]
File: images/filecheck.png Graphic file (type bmp)
<images/filecheck.png>


[27]
File: images/titlegen.png Graphic file (type bmp)
<images/titlegen.png>
File: images/statistic.png Graphic file (type bmp)
<images/statistic.png>


[28]

[29]
Underfull \hbox (badness 2111) in paragraph at lines 153--154
[]\TU/TimesNewRoman(0)/b/n/14.4 Администратор \TU/TimesNewRoman(0)/m/n/14.4 — о
бладает полными правами доступа, включая
 []



[30]
File: images/diagramUser.png Graphic file (type bmp)
<images/diagramUser.png>


[31]
File: images/diagramAdmin.png Graphic file (type bmp)
<images/diagramAdmin.png>
File: images/diagramEditor.png Graphic file (type bmp)
<images/diagramEditor.png>


[32]

[33]
Underfull \hbox (badness 10000) in paragraph at lines 290--290
[]\TU/TimesNewRoman(0)/b/n/14.4 2.7.4 Вариант использования «Автоматическая про
верка
 []



[34]
Underfull \hbox (badness 10000) in paragraph at lines 338--338
[]\TU/TimesNewRoman(0)/b/n/14.4 2.7.6 Вариант использования «Скачивание докумен
та с
 []



[35]
Underfull \hbox (badness 10000) in paragraph at lines 362--362
[]\TU/TimesNewRoman(0)/b/n/14.4 2.7.7 Вариант использования «Автоматическое сох
ранение
 []



[36]

[37]

[38]
Underfull \hbox (badness 10000) in paragraph at lines 505--506
[]\TU/TimesNewRoman(0)/m/n/14.4 Разрабатываемая информационно-аналитическая сис
тема должна
 []



[39]

[40]) (./ТехПроект.tex

[41]
Underfull \hbox (badness 1354) in paragraph at lines 5--6
[]\TU/TimesNewRoman(0)/m/n/14.4 Разрабатываемая информационно-аналитическая сис
тема построена
 []


Underfull \hbox (badness 1558) in paragraph at lines 7--8
\TU/TimesNewRoman(0)/m/n/14.4 ворка FastAPI и обеспечивает обработку запросов, 
выполнение бизнес-
 []


Underfull \hbox (badness 4752) in paragraph at lines 23--24
[]\TU/TimesNewRoman(0)/m/n/14.4 Модуль проверки документов осуществляет анализ 
структуры и
 []



[42]
File: images/architecture.jpg Graphic file (type bmp)
<images/architecture.jpg>


[43]

[44]

[45]

[46]
File: images/components.png Graphic file (type bmp)
<images/components.png>

Overfull \hbox (7.81146pt too wide) in paragraph at lines 143--144
 [][] 
 []


Underfull \hbox (badness 10000) in paragraph at lines 148--149
[]\TU/TimesNewRoman(0)/m/n/14.4 Клиентская часть реализована в виде одностранич
ного веб-
 []


Underfull \hbox (badness 10000) in paragraph at lines 148--149
\TU/TimesNewRoman(0)/m/n/14.4 приложения (SPA), структура которого включает наб
ор статических
 []


Underfull \hbox (badness 10000) in paragraph at lines 184--184
[]|\TU/TimesNewRoman(0)/m/n/14.4 Содержит разметку всех
 []


Underfull \hbox (badness 10000) in paragraph at lines 184--184
\TU/TimesNewRoman(0)/m/n/14.4 функциональных разделов
 []


Underfull \hbox (badness 10000) in paragraph at lines 184--184
\TU/TimesNewRoman(0)/m/n/14.4 системы: авторизация, про-
 []


Underfull \hbox (badness 10000) in paragraph at lines 184--184
\TU/TimesNewRoman(0)/m/n/14.4 документов, генерация ти-
 []


Underfull \hbox (badness 3439) in paragraph at lines 184--184
\TU/TimesNewRoman(0)/m/n/14.4 тульных листов, статистика,
 []


Underfull \hbox (badness 1184) in paragraph at lines 184--184
\TU/TimesNewRoman(0)/m/n/14.4 отправка документов в РИО
 []


Underfull \hbox (badness 2799) in paragraph at lines 184--184
\TU/TimesNewRoman(0)/m/n/14.4 и административная панель.
 []


Underfull \hbox (badness 10000) in paragraph at lines 184--184
\TU/TimesNewRoman(0)/m/n/14.4 Выполняет подключение
 []


Underfull \hbox (badness 10000) in paragraph at lines 184--184
[]|\TU/TimesNewRoman(0)/m/n/14.4 Определяет оформление
 []


Underfull \hbox (badness 1983) in paragraph at lines 184--184
\TU/TimesNewRoman(0)/m/n/14.4 пользовательского интерфей-
 []


Underfull \hbox (badness 10000) in paragraph at lines 184--184
\TU/TimesNewRoman(0)/m/n/14.4 размеры элементов, анима-
 []


Underfull \hbox (badness 10000) in paragraph at lines 184--184
\TU/TimesNewRoman(0)/m/n/14.4 ции, адаптивную вёрстку,
 []


Underfull \hbox (badness 1642) in paragraph at lines 184--184
\TU/TimesNewRoman(0)/m/n/14.4 стили прогресс-баров, инди-
 []


Underfull \hbox (badness 4036) in paragraph at lines 184--184
[]|\TU/TimesNewRoman(0)/m/n/14.4 Основной сценарий клиент-
 []


Underfull \hbox (badness 1448) in paragraph at lines 184--184
\TU/TimesNewRoman(0)/m/n/14.4 новление содержимого стра-
 []


Underfull \hbox (badness 2735) in paragraph at lines 184--184
[]|\TU/TimesNewRoman(0)/m/n/14.4 Каталог графических ресур-
 []


Underfull \hbox (badness 10000) in paragraph at lines 184--184
[]|\TU/TimesNewRoman(0)/m/n/14.4 Содержит изображения и
 []


Underfull \hbox (badness 4416) in paragraph at lines 184--184
\TU/TimesNewRoman(0)/m/n/14.4 иконки интерфейса: логоти-
 []


Underfull \hbox (badness 10000) in paragraph at lines 184--184
\TU/TimesNewRoman(0)/m/n/14.4 пы, графические элементы
 []


Underfull \hbox (badness 10000) in paragraph at lines 184--184
\TU/TimesNewRoman(0)/m/n/14.4 навигации, анимации за-
 []


Underfull \hbox (badness 10000) in paragraph at lines 184--184
\TU/TimesNewRoman(0)/m/n/14.4 грузки и вспомогательные
 []



[47] [48]
Underfull \hbox (badness 10000) in paragraph at lines 192--193
[]\TU/TimesNewRoman(0)/m/n/14.4 Клиентская часть информационно-аналитической си
стемы
 []


Underfull \hbox (badness 4001) in paragraph at lines 192--193
\TU/TimesNewRoman(0)/m/n/14.4 редакционно-издательского отдела реализована в ви
де веб-интерфейса,
 []


Underfull \hbox (badness 1132) in paragraph at lines 192--193
\TU/TimesNewRoman(0)/m/n/14.4 программного обеспечения на стороне пользователя.
 Веб-интерфейс по-
 []



[49]
File: images/navigation_diagram.png Graphic file (type bmp)
<images/navigation_diagram.png>


[50]
Underfull \hbox (badness 6526) in paragraph at lines 226--227
[]\TU/TimesNewRoman(0)/m/n/14.4 Для реализации веб-интерфейса использованы стан
дартные веб-
 []


Underfull \hbox (badness 1184) in paragraph at lines 264--264
[]|\TU/TimesNewRoman(0)/m/n/14.4 Авторизация пользователя в
 []


Underfull \hbox (badness 1389) in paragraph at lines 264--264
[]|\TU/TimesNewRoman(0)/m/n/14.4 Загрузка документа на про-
 []


Underfull \hbox (badness 10000) in paragraph at lines 264--264
\TU/TimesNewRoman(0)/m/n/14.4 документов (методические
 []


Underfull \hbox (badness 2435) in paragraph at lines 264--264
\TU/TimesNewRoman(0)/m/n/14.4 указания, учебные пособия,
 []


Underfull \hbox (badness 1655) in paragraph at lines 264--264
[]|\TU/TimesNewRoman(0)/m/n/14.4 Отображение процесса про-
 []


Underfull \hbox (badness 1502) in paragraph at lines 264--264
[]|\TU/TimesNewRoman(0)/m/n/14.4 Отображение текущей стра-
 []


Underfull \hbox (badness 10000) in paragraph at lines 264--264
[]|\TU/TimesNewRoman(0)/m/n/14.4 Отображение результатов
 []


Underfull \hbox (badness 10000) in paragraph at lines 264--264
[]|\TU/TimesNewRoman(0)/m/n/14.4 Скачивание PDF-отчёта о
 []


Underfull \hbox (badness 1565) in paragraph at lines 264--264
[]|\TU/TimesNewRoman(0)/m/n/14.4 Генерация титульного листа
 []


Underfull \hbox (badness 2134) in paragraph at lines 264--264
[]|\TU/TimesNewRoman(0)/m/n/14.4 Управление факультетами и
 []


Underfull \hbox (badness 10000) in paragraph at lines 264--264
[]|\TU/TimesNewRoman(0)/m/n/14.4 Формирование статистиче-
 []



[51] [52]

[53]
Underfull \hbox (badness 2134) in paragraph at lines 319--319
[]|\TU/TimesNewRoman(0)/m/n/14.4 Возвращаемые дан-
 []


Underfull \hbox (badness 2134) in paragraph at lines 319--319
[]|\TU/TimesNewRoman(0)/m/n/14.4 Возвращаемые дан-
 []


Underfull \hbox (badness 10000) in paragraph at lines 319--319
[]|\TU/TimesNewRoman(0)/m/n/14.4 Авторизация поль-
 []


Underfull \hbox (badness 1158) in paragraph at lines 319--319
[]|\TU/TimesNewRoman(0)/m/n/14.4 Данные пользовате-
 []


Underfull \hbox (badness 10000) in paragraph at lines 319--319
[]|\TU/TimesNewRoman(0)/m/n/14.4 Получение данных
 []


Underfull \hbox (badness 6332) in paragraph at lines 319--319
\TU/TimesNewRoman(0)/m/n/14.4 текущего пользова-
 []


Underfull \hbox (badness 10000) in paragraph at lines 319--319
[]|\TU/TimesNewRoman(0)/m/n/14.4 ФИО, email, роль,
 []


Underfull \hbox (badness 10000) in paragraph at lines 319--319
[]|\TU/TimesNewRoman(0)/m/n/14.4 Результаты провер-
 []


Underfull \hbox (badness 10000) in paragraph at lines 319--319
\TU/TimesNewRoman(0)/m/n/14.4 и исправленный
 []


Underfull \hbox (badness 10000) in paragraph at lines 319--319
[]|\TU/TimesNewRoman(0)/m/n/14.4 /checker/progress/
 []


Underfull \hbox (badness 5756) in paragraph at lines 319--319
[]|\TU/TimesNewRoman(0)/m/n/14.4 Отслеживание про-
 []


Underfull \hbox (badness 10000) in paragraph at lines 319--319
[]|\TU/TimesNewRoman(0)/m/n/14.4 Номер текущей
 []


Underfull \hbox (badness 10000) in paragraph at lines 319--319
\TU/TimesNewRoman(0)/m/n/14.4 страницы, общее
 []


Underfull \hbox (badness 10000) in paragraph at lines 319--319
[]|\TU/TimesNewRoman(0)/m/n/14.4 /checker/download-
 []


Underfull \hbox (badness 10000) in paragraph at lines 319--319
[]|\TU/TimesNewRoman(0)/m/n/14.4 Скачивание доку-
 []


Underfull \hbox (badness 10000) in paragraph at lines 319--319
[]|\TU/TimesNewRoman(0)/m/n/14.4 /checker/report/
 []


Underfull \hbox (badness 10000) in paragraph at lines 319--319
[]|\TU/TimesNewRoman(0)/m/n/14.4 Скачивание PDF-
 []


Underfull \hbox (badness 2698) in paragraph at lines 319--319
\TU/TimesNewRoman(0)/m/n/14.4 го листа методиче-
 []


Underfull \hbox (badness 10000) in paragraph at lines 319--319
[]|\TU/TimesNewRoman(0)/m/n/14.4 /title-page/generate-
 []


Underfull \hbox (badness 10000) in paragraph at lines 319--319
[]|\TU/TimesNewRoman(0)/m/n/14.4 Генерация титуль-
 []


Underfull \hbox (badness 10000) in paragraph at lines 319--319
[]|\TU/TimesNewRoman(0)/m/n/14.4 /title-page/generate-
 []


Underfull \hbox (badness 10000) in paragraph at lines 319--319
[]|\TU/TimesNewRoman(0)/m/n/14.4 Генерация ти-
 []


Underfull \hbox (badness 10000) in paragraph at lines 319--319
\TU/TimesNewRoman(0)/m/n/14.4 тульного листа
 []


Underfull \hbox (badness 6741) in paragraph at lines 319--319
[]|\TU/TimesNewRoman(0)/m/n/14.4 Статистика по фа-
 []


Underfull \hbox (badness 10000) in paragraph at lines 319--319
[]|\TU/TimesNewRoman(0)/m/n/14.4 JSON (количество
 []


Underfull \hbox (badness 10000) in paragraph at lines 319--319
\TU/TimesNewRoman(0)/m/n/14.4 документов по
 []


Underfull \hbox (badness 10000) in paragraph at lines 319--319
[]|\TU/TimesNewRoman(0)/m/n/14.4 Статистика по
 []


Underfull \hbox (badness 10000) in paragraph at lines 319--319
[]|\TU/TimesNewRoman(0)/m/n/14.4 JSON (количество
 []


Underfull \hbox (badness 10000) in paragraph at lines 319--319
\TU/TimesNewRoman(0)/m/n/14.4 документов по
 []


Underfull \hbox (badness 10000) in paragraph at lines 319--319
[]|\TU/TimesNewRoman(0)/m/n/14.4 JSON (количество
 []


Underfull \hbox (badness 10000) in paragraph at lines 319--319
\TU/TimesNewRoman(0)/m/n/14.4 документов по
 []


Underfull \hbox (badness 3690) in paragraph at lines 319--319
[]|\TU/TimesNewRoman(0)/m/n/14.4 Статус, переход на
 []


Underfull \hbox (badness 3746) in paragraph at lines 319--319
[]|\TU/TimesNewRoman(0)/m/n/14.4 Загрузка и провер-
 []


Underfull \hbox (badness 1189) in paragraph at lines 319--319
[]|\TU/TimesNewRoman(0)/m/n/14.4 Результат проверки,
 []


Underfull \hbox (badness 10000) in paragraph at lines 319--319
[]|\TU/TimesNewRoman(0)/m/n/14.4 Сброс сессии от-
 []


Underfull \hbox (badness 3049) in paragraph at lines 319--319
[]|\TU/TimesNewRoman(0)/m/n/14.4 Создание факульте-
 []


Underfull \hbox (badness 6825) in paragraph at lines 319--319
[]|\TU/TimesNewRoman(0)/m/n/14.4 Данные созданного
 []


Underfull \hbox (badness 10000) in paragraph at lines 319--319
[]|\TU/TimesNewRoman(0)/m/n/14.4 Создание кафедры
 []


Underfull \hbox (badness 10000) in paragraph at lines 319--319
[]|\TU/TimesNewRoman(0)/m/n/14.4 Данные созданной
 []

[54] [55]

[56]

[57]
File: images/auth_sequence.png Graphic file (type bmp)
<images/auth_sequence.png>


[58]

[59]
Underfull \hbox (badness 10000) in paragraph at lines 396--397
[]\TU/TimesNewRoman(0)/m/n/14.4 Код клиентской части организован в виде набора 
функций-
 []


Underfull \hbox (badness 1371) in paragraph at lines 396--397
\TU/TimesNewRoman(0)/m/n/14.4 обработчиков событий, что обеспечивает модульност
ь и упрощает под-
 []



[60]) (./РабочийПроект.tex

[61]
Underfull \hbox (badness 1132) in paragraph at lines 45--45
[]|\TU/TimesNewRoman(0)/m/n/14.4 Отправка данных регистрации, отображе-
 []


Underfull \hbox (badness 1845) in paragraph at lines 45--45
[]|\TU/TimesNewRoman(0)/m/n/14.4 Автоматическое обновление access-токена
 []

[62]
Underfull \hbox (badness 1383) in paragraph at lines 77--77
[]|\TU/TimesNewRoman(0)/m/n/14.4 Инициализация переключения между ти-
 []


Underfull \hbox (badness 7203) in paragraph at lines 77--77
[]|\TU/TimesNewRoman(0)/m/n/14.4 Загрузка файла, отправка POST-запроса
 []


Underfull \hbox (badness 1509) in paragraph at lines 77--77
\TU/TimesNewRoman(0)/m/n/14.4 (количество ошибок, ссылки на скачива-
 []


Underfull \hbox (badness 10000) in paragraph at lines 77--77
[]|\TU/TimesNewRoman(0)/m/n/14.4 Настройка кастомной области загрузки
 []


Underfull \hbox (badness 10000) in paragraph at lines 115--115
[]|\TU/TimesNewRoman(0)/m/n/14.4 Сбор данных из формы, отправка
 []


Underfull \hbox (badness 10000) in paragraph at lines 115--115
\TU/TimesNewRoman(0)/m/n/14.4 POST-запроса на соответствующий
 []


Underfull \hbox (badness 2617) in paragraph at lines 115--115
[]|\TU/TimesNewRoman(0)/m/n/14.4 Удаление блока рецензента (учебное
 []


Underfull \hbox (badness 2698) in paragraph at lines 115--115
\TU/TimesNewRoman(0)/m/n/14.4 пособие) с проверкой минимального
 []


Overfull \hbox (6.05556pt too wide) in paragraph at lines 115--115
[]|\TU/TimesNewRoman(0)/m/n/14.4 removeMonographAuthor| 
 []



[63]
Underfull \hbox (badness 3302) in paragraph at lines 147--147
[]|\TU/TimesNewRoman(0)/m/n/14.4 Сброс сессии отправки (очистка временных
 []



[64]

[65]

[66]

[67]
Underfull \hbox (badness 10000) in paragraph at lines 302--302
[]\TU/TimesNewRoman(0)/b/n/14.4 4.5.5 TC-04. Загрузка и проверка документа с ош
ибками
 []



[68]

[69]
Underfull \hbox (badness 4479) in paragraph at lines 373--374
[]\TU/TimesNewRoman(0)/b/n/14.4 Ожидаемый результат: \TU/TimesNewRoman(0)/m/n/1
4.4 система отображает сообщение «Файлы
 []



[70]) (./Заключение.tex

[71]

[72]) (./СписокИсточников.tex
Underfull \hbox (badness 1490) in paragraph at lines 43--2
[]\TU/TimesNewRoman(0)/m/n/14.4 Все задачи, поставленные в начале выпускной ква
лификационной
 []



[73]
LaTeX Font Info:    Font shape `TU/Verdana(0)/m/n' will be
(Font)              scaled to size 10.07994pt on input line 12.

Underfull \hbox (badness 1436) in paragraph at lines 30--31
[]\TU/TimesNewRoman(0)/m/n/14.4 Pydantic Documentation : официальный сайт. – UR
L: []$[][][][][] [] [] [] [][][][] []
 []


Underfull \hbox (badness 1642) in paragraph at lines 33--34
[]\TU/TimesNewRoman(0)/m/n/14.4 Uvicorn Documentation : официальный сайт. – URL
: []$[][][][][] [] [] [] [][][] []
 []


Underfull \hbox (badness 1521) in paragraph at lines 36--37
[]\TU/TimesNewRoman(0)/m/n/14.4 Starlette Documentation : официальный сайт. – U
RL: []$[][][][][] [] [] [] [][][] []
 []



[74]
Underfull \hbox (badness 2111) in paragraph at lines 63--64
[]\TU/TimesNewRoman(0)/m/n/14.4 python-docx Documentation : официальный сайт. –
 URL: []$[][][][][] [] [] []
 []


Underfull \hbox (badness 1442) in paragraph at lines 69--70
[]\TU/TimesNewRoman(0)/m/n/14.4 ECMA-376 Office Open XML File Formats : официал
ьный сайт.
 []


Underfull \hbox (badness 10000) in paragraph at lines 69--70
\TU/TimesNewRoman(0)/m/n/14.4 – URL: []$[][][][][] [] [] [] [][][] [] [][][][][
][][][][][][][][][][][][][][] [] [][][] [] [][][][][][][][][][][][][][][][][][]
[][][][][][][][][][] [] [][][][][][][][][] []
 []



[75]
Underfull \hbox (badness 2435) in paragraph at lines 87--88
\TU/TimesNewRoman(0)/m/n/14.4 ный сайт. – URL: []$[][][][][] [] [] [] [][][] []
 [][][] [] [][][] [] [][][][] [] [][][] [] [] [] [] [] [] [] [][][]$[] (дата об
ращения:
 []



[76]
Underfull \hbox (badness 1527) in paragraph at lines 123--124
[]\TU/TimesNewRoman(0)/m/n/14.4 Fielding, R. Architectural Styles and the Desig
n of Network-based
 []


Underfull \hbox (badness 1824) in paragraph at lines 123--124
\TU/TimesNewRoman(0)/m/n/14.4 Software Architectures // University of Californi
a : официальный сайт. –
 []


Underfull \hbox (badness 6876) in paragraph at lines 132--133
[]\TU/TimesNewRoman(0)/m/n/14.4 Bootstrap Documentation : официальный сайт. – U
RL: []$[][][][][] [] [] []
 []


Underfull \hbox (badness 1237) in paragraph at lines 150--151
[]\TU/TimesNewRoman(0)/m/n/14.4 Лопес, Ф. SQLAlchemy. Архитектура и паттерны / 
Ф. Лопес. –
 []



[77]) (./Плакаты.tex

[78]

[79]
Invalid UTF-8 byte or sequence at line 12 replaced by U+FFFD.
Invalid UTF-8 byte or sequence at line 12 replaced by U+FFFD.
Invalid UTF-8 byte or sequence at line 12 replaced by U+FFFD.
Invalid UTF-8 byte or sequence at line 12 replaced by U+FFFD.
Invalid UTF-8 byte or sequence at line 12 replaced by U+FFFD.
Invalid UTF-8 byte or sequence at line 12 replaced by U+FFFD.
Invalid UTF-8 byte or sequence at line 12 replaced by U+FFFD.
Invalid UTF-8 byte or sequence at line 12 replaced by U+FFFD.
File: ТитульныйЛист.eps Graphic file (type eps)
<ТитульныйЛист.eps>
Invalid UTF-8 byte or sequence at line 18 replaced by U+FFFD.
Invalid UTF-8 byte or sequence at line 18 replaced by U+FFFD.
Invalid UTF-8 byte or sequence at line 18 replaced by U+FFFD.
Invalid UTF-8 byte or sequence at line 18 replaced by U+FFFD.
Invalid UTF-8 byte or sequence at line 18 replaced by U+FFFD.
Invalid UTF-8 byte or sequence at line 18 replaced by U+FFFD.
File: Цели.eps Graphic file (type eps)
<Цели.eps>


[80

]
Invalid UTF-8 byte or sequence at line 24 replaced by U+FFFD.
Invalid UTF-8 byte or sequence at line 24 replaced by U+FFFD.
Invalid UTF-8 byte or sequence at line 24 replaced by U+FFFD.
Invalid UTF-8 byte or sequence at line 24 replaced by U+FFFD.
Invalid UTF-8 byte or sequence at line 24 replaced by U+FFFD.
Invalid UTF-8 byte or sequence at line 24 replaced by U+FFFD.
File: ПрецедентыПользователь.eps Graphic file (type eps)
<ПрецедентыПользователь.eps>


[81]
Invalid UTF-8 byte or sequence at line 30 replaced by U+FFFD.
Invalid UTF-8 byte or sequence at line 30 replaced by U+FFFD.
Invalid UTF-8 byte or sequence at line 30 replaced by U+FFFD.
Invalid UTF-8 byte or sequence at line 30 replaced by U+FFFD.
Invalid UTF-8 byte or sequence at line 30 replaced by U+FFFD.
Invalid UTF-8 byte or sequence at line 30 replaced by U+FFFD.
Invalid UTF-8 byte or sequence at line 30 replaced by U+FFFD.
Invalid UTF-8 byte or sequence at line 30 replaced by U+FFFD.
File: ПрецедентыАдмин.eps Graphic file (type eps)
<ПрецедентыАдмин.eps>


[82]
Invalid UTF-8 byte or sequence at line 36 replaced by U+FFFD.
Invalid UTF-8 byte or sequence at line 36 replaced by U+FFFD.
Invalid UTF-8 byte or sequence at line 36 replaced by U+FFFD.
Invalid UTF-8 byte or sequence at line 36 replaced by U+FFFD.
Invalid UTF-8 byte or sequence at line 36 replaced by U+FFFD.
Invalid UTF-8 byte or sequence at line 36 replaced by U+FFFD.
Invalid UTF-8 byte or sequence at line 36 replaced by U+FFFD.
Invalid UTF-8 byte or sequence at line 36 replaced by U+FFFD.
Invalid UTF-8 byte or sequence at line 36 replaced by U+FFFD.
File: ПрецедентыРедактор.eps Graphic file (type eps)
<ПрецедентыРедактор.eps>


[83]
Invalid UTF-8 byte or sequence at line 48 replaced by U+FFFD.
Invalid UTF-8 byte or sequence at line 48 replaced by U+FFFD.
Invalid UTF-8 byte or sequence at line 48 replaced by U+FFFD.
Invalid UTF-8 byte or sequence at line 48 replaced by U+FFFD.
Invalid UTF-8 byte or sequence at line 48 replaced by U+FFFD.
Invalid UTF-8 byte or sequence at line 48 replaced by U+FFFD.
Invalid UTF-8 byte or sequence at line 48 replaced by U+FFFD.
File: ДиаграммаВзаимодействия.eps Graphic file (type eps)
<ДиаграммаВзаимодействия.eps>


[84]
Invalid UTF-8 byte or sequence at line 54 replaced by U+FFFD.
Invalid UTF-8 byte or sequence at line 54 replaced by U+FFFD.
Invalid UTF-8 byte or sequence at line 54 replaced by U+FFFD.
Invalid UTF-8 byte or sequence at line 54 replaced by U+FFFD.
Invalid UTF-8 byte or sequence at line 54 replaced by U+FFFD.
Invalid UTF-8 byte or sequence at line 54 replaced by U+FFFD.
File: ПроверкаФайлов.eps Graphic file (type eps)
<ПроверкаФайлов.eps>


[85]
Invalid UTF-8 byte or sequence at line 60 replaced by U+FFFD.
Invalid UTF-8 byte or sequence at line 60 replaced by U+FFFD.
Invalid UTF-8 byte or sequence at line 60 replaced by U+FFFD.
Invalid UTF-8 byte or sequence at line 60 replaced by U+FFFD.
Invalid UTF-8 byte or sequence at line 60 replaced by U+FFFD.
Invalid UTF-8 byte or sequence at line 60 replaced by U+FFFD.
Invalid UTF-8 byte or sequence at line 60 replaced by U+FFFD.
File: ГенерацияТитульных.eps Graphic file (type eps)
<ГенерацияТитульных.eps>


[86]
Invalid UTF-8 byte or sequence at line 66 replaced by U+FFFD.
Invalid UTF-8 byte or sequence at line 66 replaced by U+FFFD.
Invalid UTF-8 byte or sequence at line 66 replaced by U+FFFD.
Invalid UTF-8 byte or sequence at line 66 replaced by U+FFFD.
Invalid UTF-8 byte or sequence at line 66 replaced by U+FFFD.
Invalid UTF-8 byte or sequence at line 66 replaced by U+FFFD.
File: Заключение.eps Graphic file (type eps)
<Заключение.eps>


[87]

[88]) (./Код.tex (c:/texlive/2025/texmf-dist/tex/latex/listings/lstlang1.sty
File: lstlang1.sty 2024/09/23 1.10c listings language file
)
(c:/texlive/2025/texmf-dist/tex/latex/listings/lstmisc.sty
File: lstmisc.sty 2024/09/23 1.10c (Carsten Heinz)
)
Package hyperref Info: bookmark level for unknown lstlisting defaults to 0 on i
nput line 4.
 (./index.html

[89

]

[90]
Missing character: There is no 📘 (U+1F4D8) in font Verdana/OT:script=latn;langu
age=dflt;!
Missing character: There is no 📗 (U+1F4D7) in font Verdana/OT:script=latn;langu
age=dflt;!
Missing character: There is no 📕 (U+1F4D5) in font Verdana/OT:script=latn;langu
age=dflt;!
Missing character: There is no 📁 (U+1F4C1) in font Verdana/OT:script=latn;langu
age=dflt;!
Missing character: There is no 📄 (U+1F4C4) in font Verdana/OT:script=latn;langu
age=dflt;!


[91]
Missing character: There is no ✅ (U+2705) in font Verdana/OT:script=latn;langua
ge=dflt;!


[92]

[93]

[94]

[95]

[96]

[97]

[98])

[99])

[100] (./main.aux)
 ***********
LaTeX2e <2024-11-01> patch level 2
L3 programming layer <2025-03-26>
 ***********
Package rerunfilecheck Info: File `main.out' has not changed.
(rerunfilecheck)             Checksum: B31C95740C0EF67B05514088BCF12330;29592.
 ) 
Here is how much of TeX's memory you used:
 16089 strings out of 470266
 312095 string characters out of 5488321
 1211790 words of memory out of 5000000
 42437 multiletter control sequences out of 15000+600000
 628354 words of font info for 76 fonts, out of 8000000 for 9000
 1348 hyphenation exceptions out of 8191
 93i,11n,110p,1489b,2325s stack positions out of 10000i,1000n,20000p,200000b,200000s

Output written on main.pdf (100 pages).
